<?xml version="1.0" encoding="UTF-8"?>
<testsuite name="unit.MachineTests" tests="4" skipped="0" failures="0" errors="0" timestamp="2016-07-18T08:19:07" hostname="n2t" time="0.02">
  <properties/>
  <testcase name="shouldGenerateTheSameWithTheGivenVarsInput" classname="unit.MachineTests" time="0.009"/>
  <testcase name="shouldTrowException" classname="unit.MachineTests" time="0.0"/>
  <testcase name="shouldGenerateTheSameStringEvenWithNoInput" classname="unit.MachineTests" time="0.004"/>
  <testcase name="shouldGenerateTheSameGivenFns" classname="unit.MachineTests" time="0.006"/>
  <system-out><![CDATA[]]></system-out>
  <system-err><![CDATA[]]></system-err>
</testsuite>
