<?xml version="1.0" encoding="UTF-8"?>
<testsuite name="RMFnSyntaxAnalyzerTests" tests="8" skipped="0" failures="0" errors="0" timestamp="2016-07-22T14:47:56" hostname="n2t" time="0.004">
  <properties/>
  <testcase name="shouldNotAcceptGenericInName" classname="RMFnSyntaxAnalyzerTests" time="0.0"/>
  <testcase name="shouldAcceptNoParam" classname="RMFnSyntaxAnalyzerTests" time="0.001"/>
  <testcase name="shouldAcceptGenerics" classname="RMFnSyntaxAnalyzerTests" time="0.001"/>
  <testcase name="shouldAcceptMultipleParams" classname="RMFnSyntaxAnalyzerTests" time="0.0"/>
  <testcase name="shouldNotAcceptHasPrefix" classname="RMFnSyntaxAnalyzerTests" time="0.0"/>
  <testcase name="shouldAcceptNoPar" classname="RMFnSyntaxAnalyzerTests" time="0.0"/>
  <testcase name="shouldAcceptSingleInput" classname="RMFnSyntaxAnalyzerTests" time="0.0"/>
  <testcase name="shouldIgnoreSpaces" classname="RMFnSyntaxAnalyzerTests" time="0.001"/>
  <system-out><![CDATA[]]></system-out>
  <system-err><![CDATA[]]></system-err>
</testsuite>
