<?xml version="1.0" encoding="UTF-8"?>
<testsuite name="ImplementsMapChangerTests" tests="3" skipped="0" failures="0" errors="0" timestamp="2016-07-22T14:47:56" hostname="n2t" time="0.001">
  <properties/>
  <testcase name="newImplementNamesShouldBeAdded" classname="ImplementsMapChangerTests" time="0.0"/>
  <testcase name="multipleImplementNamesShouldBeAdded" classname="ImplementsMapChangerTests" time="0.0"/>
  <testcase name="implementNamesShouldBeAdded" classname="ImplementsMapChangerTests" time="0.0"/>
  <system-out><![CDATA[]]></system-out>
  <system-err><![CDATA[]]></system-err>
</testsuite>
