<?xml version="1.0" encoding="UTF-8"?>
<testsuite name="unit.JavaCodeGeneratorUnitTests.SettersUnitTests" tests="2" skipped="0" failures="0" errors="0" timestamp="2016-07-16T08:11:01" hostname="n2t" time="0.001">
  <properties/>
  <testcase name="shouldBeNoGeneration" classname="unit.JavaCodeGeneratorUnitTests.SettersUnitTests" time="0.001"/>
  <testcase name="shouldGenerateTheCorrespondingSetters" classname="unit.JavaCodeGeneratorUnitTests.SettersUnitTests" time="0.0"/>
  <system-out><![CDATA[]]></system-out>
  <system-err><![CDATA[]]></system-err>
</testsuite>
