<?xml version="1.0" encoding="UTF-8"?>
<testsuite name="ExtendsMapChangerTests" tests="3" skipped="0" failures="0" errors="0" timestamp="2016-07-22T14:47:56" hostname="n2t" time="0.002">
  <properties/>
  <testcase name="clsNameShouldBeChanged" classname="ExtendsMapChangerTests" time="0.001"/>
  <testcase name="clsNameShouldBeRemoved" classname="ExtendsMapChangerTests" time="0.0"/>
  <testcase name="clsNameShouldBeAdded" classname="ExtendsMapChangerTests" time="0.0"/>
  <system-out><![CDATA[]]></system-out>
  <system-err><![CDATA[]]></system-err>
</testsuite>
