<?xml version="1.0" encoding="UTF-8"?>
<testsuite name="ExtendsMapChangerTests" tests="3" skipped="0" failures="0" errors="0" timestamp="2016-07-16T07:37:44" hostname="n2t" time="0.004">
  <properties/>
  <testcase name="clsNameShouldBeChanged" classname="ExtendsMapChangerTests" time="0.002"/>
  <testcase name="clsNameShouldBeRemoved" classname="ExtendsMapChangerTests" time="0.001"/>
  <testcase name="clsNameShouldBeAdded" classname="ExtendsMapChangerTests" time="0.001"/>
  <system-out><![CDATA[]]></system-out>
  <system-err><![CDATA[]]></system-err>
</testsuite>
