<?xml version="1.0" encoding="UTF-8"?>
<testsuite name="ConstructorMapChangerTests" tests="2" skipped="0" failures="0" errors="0" timestamp="2016-07-16T10:59:16" hostname="n2t" time="0.001">
  <properties/>
  <testcase name="constructorShouldBeAdded" classname="ConstructorMapChangerTests" time="0.0"/>
  <testcase name="constructorShouldBeChanged" classname="ConstructorMapChangerTests" time="0.0"/>
  <system-out><![CDATA[]]></system-out>
  <system-err><![CDATA[]]></system-err>
</testsuite>
