<?xml version="1.0" encoding="UTF-8"?>
<testsuite name="ClassTypeMapChangerTests" tests="2" skipped="0" failures="0" errors="0" timestamp="2016-07-15T14:56:04" hostname="n2t" time="0.003">
  <properties/>
  <testcase name="typeShouldBeAdded" classname="ClassTypeMapChangerTests" time="0.002"/>
  <testcase name="typeShouldBeChanged" classname="ClassTypeMapChangerTests" time="0.001"/>
  <system-out><![CDATA[]]></system-out>
  <system-err><![CDATA[]]></system-err>
</testsuite>
