<?xml version="1.0" encoding="UTF-8"?>
<testsuite name="ParamSyntaxAnalyzerTests" tests="6" skipped="0" failures="0" errors="0" timestamp="2016-07-14T03:05:45" hostname="n2t" time="0.002">
  <properties/>
  <testcase name="shouldAcceptGenerics" classname="ParamSyntaxAnalyzerTests" time="0.0"/>
  <testcase name="shouldAcceptMultipleParams" classname="ParamSyntaxAnalyzerTests" time="0.0"/>
  <testcase name="shouldNotAcceptDataTypeOnly" classname="ParamSyntaxAnalyzerTests" time="0.0"/>
  <testcase name="shouldAcceptSingleParam" classname="ParamSyntaxAnalyzerTests" time="0.0"/>
  <testcase name="shouldNotAcceptIdentifierOnly" classname="ParamSyntaxAnalyzerTests" time="0.0"/>
  <testcase name="shouldIgnoreSpaces" classname="ParamSyntaxAnalyzerTests" time="0.0"/>
  <system-out><![CDATA[]]></system-out>
  <system-err><![CDATA[]]></system-err>
</testsuite>
