<?xml version="1.0" encoding="UTF-8"?>
<testsuite name="ConstructorMapChangerTests" tests="2" skipped="0" failures="0" errors="0" timestamp="2016-07-15T06:32:54" hostname="n2t" time="0.002">
  <properties/>
  <testcase name="constructorShouldBeAdded" classname="ConstructorMapChangerTests" time="0.001"/>
  <testcase name="constructorShouldBeChanged" classname="ConstructorMapChangerTests" time="0.001"/>
  <system-out><![CDATA[]]></system-out>
  <system-err><![CDATA[]]></system-err>
</testsuite>
