<?xml version="1.0" encoding="UTF-8"?>
<testsuite name="VarSyntaxAnalyzerTests" tests="4" skipped="0" failures="0" errors="0" timestamp="2016-07-22T14:47:56" hostname="n2t" time="0.003">
  <properties/>
  <testcase name="shouldAcceptOneParamWithNoSorG" classname="VarSyntaxAnalyzerTests" time="0.0"/>
  <testcase name="shouldAcceptOneParam" classname="VarSyntaxAnalyzerTests" time="0.001"/>
  <testcase name="shouldAcceptArray" classname="VarSyntaxAnalyzerTests" time="0.0"/>
  <testcase name="shouldIgnoreSpaces" classname="VarSyntaxAnalyzerTests" time="0.0"/>
  <system-out><![CDATA[]]></system-out>
  <system-err><![CDATA[]]></system-err>
</testsuite>
