<?xml version="1.0" encoding="UTF-8"?>
<testsuite name="unit.JavaCodeGeneratorUnitTests.VariablesUnitTests" tests="1" skipped="0" failures="0" errors="0" timestamp="2016-07-15T14:56:04" hostname="n2t" time="0.003">
  <properties/>
  <testcase name="variablesGeneratedCorrectly" classname="unit.JavaCodeGeneratorUnitTests.VariablesUnitTests" time="0.003"/>
  <system-out><![CDATA[The generated: 
	private String var1;
	private static final String var2;

The expected: 
	private String var1;
	private static final String var2;

]]></system-out>
  <system-err><![CDATA[]]></system-err>
</testsuite>
