<?xml version="1.0" encoding="UTF-8"?>
<testsuite name="unit.SettingsTests" tests="2" skipped="0" failures="0" errors="0" timestamp="2016-07-18T08:19:07" hostname="n2t" time="0.002">
  <properties/>
  <testcase name="shouldThrowExceptionWhenSettingDoesNotExists" classname="unit.SettingsTests" time="0.001"/>
  <testcase name="shouldReturnCorrespondingData" classname="unit.SettingsTests" time="0.0"/>
  <system-out><![CDATA[]]></system-out>
  <system-err><![CDATA[]]></system-err>
</testsuite>
