<?xml version="1.0" encoding="UTF-8"?>
<testsuite name="unit.JavaCodeGeneratorUnitTests.ConstructorsUnitTests" tests="1" skipped="0" failures="0" errors="0" timestamp="2016-07-22T14:47:56" hostname="n2t" time="0.001">
  <properties/>
  <testcase name="constructorsGeneratedCorrectly" classname="unit.JavaCodeGeneratorUnitTests.ConstructorsUnitTests" time="0.001"/>
  <system-out><![CDATA[]]></system-out>
  <system-err><![CDATA[]]></system-err>
</testsuite>
