<?xml version="1.0" encoding="UTF-8"?>
<testsuite name="ClassNameMapChangerTests" tests="2" skipped="0" failures="0" errors="0" timestamp="2016-07-22T14:47:56" hostname="n2t" time="0.009">
  <properties/>
  <testcase name="clsNameShouldBeChanged" classname="ClassNameMapChangerTests" time="0.008"/>
  <testcase name="clsNameShouldBeAdded" classname="ClassNameMapChangerTests" time="0.001"/>
  <system-out><![CDATA[]]></system-out>
  <system-err><![CDATA[]]></system-err>
</testsuite>
