<?xml version="1.0" encoding="UTF-8"?>
<testsuite name="unit.SettingsTests" tests="3" skipped="0" failures="0" errors="0" timestamp="2016-07-22T14:47:56" hostname="n2t" time="0.011">
  <properties/>
  <testcase name="shouldThrowExceptionWhenSettingDoesNotExists" classname="unit.SettingsTests" time="0.0"/>
  <testcase name="shouldReturnCorrespondingData" classname="unit.SettingsTests" time="0.0"/>
  <testcase name="settingShouldBeAdded" classname="unit.SettingsTests" time="0.01"/>
  <system-out><![CDATA[]]></system-out>
  <system-err><![CDATA[]]></system-err>
</testsuite>
