<?xml version="1.0" encoding="UTF-8"?>
<testsuite name="unit.JavaCodeGeneratorUnitTests.FunctionsUnitTests" tests="4" skipped="0" failures="0" errors="0" timestamp="2016-07-22T14:47:56" hostname="n2t" time="0.008">
  <properties/>
  <testcase name="shouldGenerateFunctionWithParams" classname="unit.JavaCodeGeneratorUnitTests.FunctionsUnitTests" time="0.002"/>
  <testcase name="shouldBeNoGeneration" classname="unit.JavaCodeGeneratorUnitTests.FunctionsUnitTests" time="0.0"/>
  <testcase name="shouldHaveNoFunctionBodyIfInterface" classname="unit.JavaCodeGeneratorUnitTests.FunctionsUnitTests" time="0.002"/>
  <testcase name="shouldGenerateFunctionWithNoParams" classname="unit.JavaCodeGeneratorUnitTests.FunctionsUnitTests" time="0.002"/>
  <system-out><![CDATA[]]></system-out>
  <system-err><![CDATA[]]></system-err>
</testsuite>
