<?xml version="1.0" encoding="UTF-8"?>
<testsuite name="unit.TokenizerTests" tests="10" skipped="0" failures="0" errors="0" timestamp="2016-07-22T14:47:56" hostname="n2t" time="0.013">
  <properties/>
  <testcase name="shouldAcceptNestedGenerics" classname="unit.TokenizerTests" time="0.001"/>
  <testcase name="shouldBeAccessibilityStaticFinalIdentifierIdentifierOpenParIdentifierClosePar" classname="unit.TokenizerTests" time="0.001"/>
  <testcase name="shouldAcceptGenerics" classname="unit.TokenizerTests" time="0.0"/>
  <testcase name="shouldHaveNoneIfHasUnclosedOpposite" classname="unit.TokenizerTests" time="0.0"/>
  <testcase name="shouldHaveNoParends" classname="unit.TokenizerTests" time="0.0"/>
  <testcase name="shouldAcceptFnsMultiParams" classname="unit.TokenizerTests" time="0.001"/>
  <testcase name="shouldAcceptSpacesOnDataType" classname="unit.TokenizerTests" time="0.0"/>
  <testcase name="shouldAcceptDoubleNestedGenerics" classname="unit.TokenizerTests" time="0.001"/>
  <testcase name="shouldBeMarkedAsAll" classname="unit.TokenizerTests" time="0.001"/>
  <testcase name="shouldIgnoreSpaces" classname="unit.TokenizerTests" time="0.0"/>
  <system-out><![CDATA[]]></system-out>
  <system-err><![CDATA[]]></system-err>
</testsuite>
