<?xml version="1.0" encoding="UTF-8"?>
<testsuite name="TokenizerTests" tests="9" skipped="0" failures="0" errors="0" timestamp="2016-07-13T16:30:22" hostname="n2t" time="0.014">
  <properties/>
  <testcase name="shouldAcceptNestedGenerics" classname="TokenizerTests" time="0.006"/>
  <testcase name="shouldBeAccessibilityStaticFinalIdentifierIdentifierOpenParIdentifierClosePar" classname="TokenizerTests" time="0.001"/>
  <testcase name="shouldAcceptGenerics" classname="TokenizerTests" time="0.001"/>
  <testcase name="shouldHaveNoneIfHasUnclosedOpposite" classname="TokenizerTests" time="0.002"/>
  <testcase name="shouldHaveNoParends" classname="TokenizerTests" time="0.0"/>
  <testcase name="shouldAcceptFnsMultiParams" classname="TokenizerTests" time="0.0"/>
  <testcase name="shouldAcceptSpacesOnDataType" classname="TokenizerTests" time="0.0"/>
  <testcase name="shouldAcceptDoubleNestedGenerics" classname="TokenizerTests" time="0.001"/>
  <testcase name="shouldIgnoreSpaces" classname="TokenizerTests" time="0.0"/>
  <system-out><![CDATA[]]></system-out>
  <system-err><![CDATA[]]></system-err>
</testsuite>
