<?xml version="1.0" encoding="UTF-8"?>
<testsuite name="IdentifierOnlySyntaxAnalyzerTests" tests="4" skipped="0" failures="0" errors="0" timestamp="2016-07-22T14:47:56" hostname="n2t" time="0.001">
  <properties/>
  <testcase name="shouldNotAcceptNoComma" classname="IdentifierOnlySyntaxAnalyzerTests" time="0.0"/>
  <testcase name="shouldAcceptMultipleIdentifiers" classname="IdentifierOnlySyntaxAnalyzerTests" time="0.0"/>
  <testcase name="shouldAcceptSingleIdentifier" classname="IdentifierOnlySyntaxAnalyzerTests" time="0.0"/>
  <testcase name="shouldIgnoreSpaces" classname="IdentifierOnlySyntaxAnalyzerTests" time="0.0"/>
  <system-out><![CDATA[]]></system-out>
  <system-err><![CDATA[]]></system-err>
</testsuite>
