<?xml version="1.0" encoding="UTF-8"?>
<testsuite name="unit.JavaDefaultsSetterTests" tests="2" skipped="0" failures="0" errors="0" timestamp="2016-07-19T15:15:53" hostname="n2t" time="0.003">
  <properties/>
  <testcase name="shouldSetDefaults" classname="unit.JavaDefaultsSetterTests" time="0.003"/>
  <testcase name="constructorsShouldBeRemoved" classname="unit.JavaDefaultsSetterTests" time="0.0"/>
  <system-out><![CDATA[]]></system-out>
  <system-err><![CDATA[]]></system-err>
</testsuite>
