<?xml version="1.0" encoding="UTF-8"?>
<testsuite name="FnSyntaxAnalyzerTests" tests="6" skipped="0" failures="0" errors="0" timestamp="2016-07-16T07:05:36" hostname="n2t" time="0.006">
  <properties/>
  <testcase name="shouldNotAcceptNoPipeline" classname="FnSyntaxAnalyzerTests" time="0.0"/>
  <testcase name="shouldAcceptGenerics" classname="FnSyntaxAnalyzerTests" time="0.001"/>
  <testcase name="shouldAcceptMultipleParams" classname="FnSyntaxAnalyzerTests" time="0.001"/>
  <testcase name="shouldNotAcceptMultiplePar" classname="FnSyntaxAnalyzerTests" time="0.0"/>
  <testcase name="shouldAcceptNoPar" classname="FnSyntaxAnalyzerTests" time="0.001"/>
  <testcase name="shouldAcceptNoParams" classname="FnSyntaxAnalyzerTests" time="0.001"/>
  <system-out><![CDATA[]]></system-out>
  <system-err><![CDATA[]]></system-err>
</testsuite>
