<?xml version="1.0" encoding="UTF-8"?>
<testsuite name="unit.JavaCodeGeneratorUnitTests.ConstructorsUnitTests" tests="1" skipped="0" failures="0" errors="0" timestamp="2016-07-15T14:56:04" hostname="n2t" time="0.001">
  <properties/>
  <testcase name="constructorsGeneratedCorrectly" classname="unit.JavaCodeGeneratorUnitTests.ConstructorsUnitTests" time="0.001"/>
  <system-out><![CDATA[The generated: 
	/**********************************************
	* Constructor(s)
	**********************************************/

	public Test() {

	}

	public Test(String str, int n) {

	}

	public Test(String str) {

	}


The expected: 
	/**********************************************
	* Constructor(s)
	**********************************************/

	public Test() {

	}

	public Test(String str, int n) {

	}

	public Test(String str) {

	}


]]></system-out>
  <system-err><![CDATA[]]></system-err>
</testsuite>
