<?xml version="1.0" encoding="UTF-8"?>
<testsuite name="RMImplementsMapChangerTests" tests="2" skipped="0" failures="0" errors="0" timestamp="2016-07-22T14:47:56" hostname="n2t" time="0.001">
  <properties/>
  <testcase name="allShouldBeRemoved" classname="RMImplementsMapChangerTests" time="0.001"/>
  <testcase name="implementNamesShouldBeRemoved" classname="RMImplementsMapChangerTests" time="0.0"/>
  <system-out><![CDATA[]]></system-out>
  <system-err><![CDATA[]]></system-err>
</testsuite>
