<?xml version="1.0" encoding="UTF-8"?>
<testsuite name="unit.JavaCodeGeneratorUnitTests.ClassBeginsTests" tests="1" skipped="0" failures="0" errors="0" timestamp="2016-07-16T07:37:44" hostname="n2t" time="0.002">
  <properties/>
  <testcase name="fullCBGeneratedCorrectly" classname="unit.JavaCodeGeneratorUnitTests.ClassBeginsTests" time="0.002"/>
  <system-out><![CDATA[]]></system-out>
  <system-err><![CDATA[]]></system-err>
</testsuite>
