<?xml version="1.0" encoding="UTF-8"?>
<testsuite name="FnSyntaxAnalyzerTests" tests="7" skipped="0" failures="0" errors="0" timestamp="2016-07-22T14:47:56" hostname="n2t" time="0.008">
  <properties/>
  <testcase name="shouldNotAcceptNoPipeline" classname="FnSyntaxAnalyzerTests" time="0.001"/>
  <testcase name="shouldAcceptGenerics" classname="FnSyntaxAnalyzerTests" time="0.0"/>
  <testcase name="shouldAcceptMultipleParams" classname="FnSyntaxAnalyzerTests" time="0.001"/>
  <testcase name="shouldNotAcceptMultiplePar" classname="FnSyntaxAnalyzerTests" time="0.001"/>
  <testcase name="shouldAcceptArray" classname="FnSyntaxAnalyzerTests" time="0.0"/>
  <testcase name="shouldAcceptNoPar" classname="FnSyntaxAnalyzerTests" time="0.0"/>
  <testcase name="shouldAcceptNoParams" classname="FnSyntaxAnalyzerTests" time="0.002"/>
  <system-out><![CDATA[]]></system-out>
  <system-err><![CDATA[]]></system-err>
</testsuite>
