<?xml version="1.0" encoding="UTF-8"?>
<testsuite name="VarMapChangerTests" tests="12" skipped="0" failures="0" errors="0" timestamp="2016-07-22T14:47:56" hostname="n2t" time="0.022">
  <properties/>
  <testcase name="shouldNotHaveSetterAndGetter" classname="VarMapChangerTests" time="0.0"/>
  <testcase name="shouldNotHaveSetterAndDifferentGetterName" classname="VarMapChangerTests" time="0.0"/>
  <testcase name="setterHaveSetterAndGetterWithTheSameNameAsIdentifier" classname="VarMapChangerTests" time="0.0"/>
  <testcase name="shouldNotHaveGetterAndDifferentSetterName" classname="VarMapChangerTests" time="0.001"/>
  <testcase name="setterAndGetterShouldBeTheSameAsTheIdentifier" classname="VarMapChangerTests" time="0.0"/>
  <testcase name="setterAndGetterCanBeInterchanged" classname="VarMapChangerTests" time="0.001"/>
  <testcase name="shouldNotHaveGetter" classname="VarMapChangerTests" time="0.001"/>
  <testcase name="shouldNotHaveSetter" classname="VarMapChangerTests" time="0.005"/>
  <testcase name="shouldHaveDifferentSetterAndGetter" classname="VarMapChangerTests" time="0.0"/>
  <testcase name="shouldHaveTheSameSetterAndGetterButDifferentFromIdentifier" classname="VarMapChangerTests" time="0.0"/>
  <testcase name="shouldHaveDifferentAccessibilityAndNotStatic" classname="VarMapChangerTests" time="0.002"/>
  <testcase name="shouldIgnoreSpaces" classname="VarMapChangerTests" time="0.001"/>
  <system-out><![CDATA[]]></system-out>
  <system-err><![CDATA[]]></system-err>
</testsuite>
