<?xml version="1.0" encoding="UTF-8"?>
<testsuite name="ClassNameMapChangerTests" tests="2" skipped="0" failures="0" errors="0" timestamp="2016-07-18T07:49:56" hostname="n2t" time="0.01">
  <properties/>
  <testcase name="clsNameShouldBeChanged" classname="ClassNameMapChangerTests" time="0.009"/>
  <testcase name="clsNameShouldBeAdded" classname="ClassNameMapChangerTests" time="0.001"/>
  <system-out><![CDATA[]]></system-out>
  <system-err><![CDATA[]]></system-err>
</testsuite>
