<?xml version="1.0" encoding="UTF-8"?>
<testsuite name="RMConstructorMapChangerTests" tests="2" skipped="0" failures="0" errors="0" timestamp="2016-07-15T14:56:04" hostname="n2t" time="0.001">
  <properties/>
  <testcase name="allShouldBeRemoved" classname="RMConstructorMapChangerTests" time="0.0"/>
  <testcase name="constructorShouldBeRemoved" classname="RMConstructorMapChangerTests" time="0.0"/>
  <system-out><![CDATA[]]></system-out>
  <system-err><![CDATA[]]></system-err>
</testsuite>
